Query:
CREATE TABLE `auction_equipment` (
`auction_id` int(5) DEFAULT NULL,
`equip_id` int(11) DEFAULT NULL,
`base_price` int(8) DEFAULT NULL,
`current_bid` int(8) DEFAULT NULL
) ENGINE=InnoDB DEFAULT CHARSET=utf8 COLLATE=utf8_0900_ai_ci

Error occured at:2018-07-16 12:17:25
Line no.:137
Error Code: 1273 - Unknown collation: 'utf8_0900_ai_ci'
Query:
CREATE TABLE `auction_equipment` (
`auction_id` int(5) DEFAULT NULL,
`equip_id` int(11) DEFAULT NULL,
`base_price` int(8) DEFAULT NULL,
`current_bid` int(8) DEFAULT NULL
) ENGINE=InnoDB DEFAULT CHARSET=utf8 COLLATE=utf8_0900_ai_ci

Error occured at:2018-07-16 12:17:43
Line no.:137
Error Code: 1273 - Unknown collation: 'utf8_0900_ai_ci'
